Using pre-set license
Built from '2020.3/staging' branch; Version is '2020.3.0f1 (c7b5465681fb) revision 13088070'; Using compiler version '192528614'; Build Type 'Release'
OS: 'Windows 10 Pro; OS build 19042.867; Version 2009; 64bit' Language: 'ko' Physical Memory: 32699 MB
BatchMode: 1, IsHumanControllingUs: 0, StartBugReporterOnCrash: 0, Is64bit: 1, IsPro: 0

 COMMAND LINE ARGUMENTS:
C:\Program Files\Unity\Hub\Editor\2020.3.0f1\Editor\Unity.exe
-adb2
-batchMode
-noUpm
-name
AssetImportWorker0
-projectPath
D:/GameEngine_wizard6/Wizard6
-logFile
Logs/AssetImportWorker0.log
-srvPort
55232
Successfully changed project path to: D:/GameEngine_wizard6/Wizard6
D:/GameEngine_wizard6/Wizard6
Using Asset Import Pipeline V2.
Refreshing native plugins compatible for Editor in 21.86 ms, found 0 plugins.
Preloading 0 native plugins for Editor in 0.00 ms.
Initialize engine version: 2020.3.0f1 (c7b5465681fb)
[Subsystems] Discovering subsystems at path C:/Program Files/Unity/Hub/Editor/2020.3.0f1/Editor/Data/Resources/UnitySubsystems
[Subsystems] Discovering subsystems at path D:/GameEngine_wizard6/Wizard6/Assets
GfxDevice: creating device client; threaded=0
Direct3D:
    Version:  Direct3D 11.0 [level 11.1]
    Renderer: NVIDIA GeForce GTX 1660 SUPER (ID=0x21c4)
    Vendor:   
    VRAM:     5991 MB
    Driver:   27.21.14.5730
Initialize mono
Mono path[0] = 'C:/Program Files/Unity/Hub/Editor/2020.3.0f1/Editor/Data/Managed'
Mono path[1] = 'C:/Program Files/Unity/Hub/Editor/2020.3.0f1/Editor/Data/MonoBleedingEdge/lib/mono/unityjit'
Mono config path = 'C:/Program Files/Unity/Hub/Editor/2020.3.0f1/Editor/Data/MonoBleedingEdge/etc'
Using monoOptions --debugger-agent=transport=dt_socket,embedding=1,server=y,suspend=n,address=127.0.0.1:56864
Begin MonoManager ReloadAssembly
Registering precompiled unity dll's ...
Register platform support module: C:/Program Files/Unity/Hub/Editor/2020.3.0f1/Editor/Data/PlaybackEngines/WindowsStandaloneSupport/UnityEditor.WindowsStandalone.Extensions.dll
Registered in 0.002524 seconds.
Native extension for WindowsStandalone target not found
Refreshing native plugins compatible for Editor in 22.35 ms, found 0 plugins.
Preloading 0 native plugins for Editor in 0.00 ms.
Invoked RoslynAnalysisRunner static constructor.
RoslynAnalysisRunner will not be running.
RoslynAnalysisRunner has terminated.
Mono: successfully reloaded assembly
- Completed reload, in  0.888 seconds
Platform modules already initialized, skipping
Registering precompiled user dll's ...
Registered in 0.000604 seconds.
Begin MonoManager ReloadAssembly
Native extension for WindowsStandalone target not found
Refreshing native plugins compatible for Editor in 0.25 ms, found 0 plugins.
Preloading 0 native plugins for Editor in 0.00 ms.
Invoked RoslynAnalysisRunner static constructor.
RoslynAnalysisRunner will not be running.
RoslynAnalysisRunner has terminated.
Mono: successfully reloaded assembly
- Completed reload, in  0.674 seconds
Platform modules already initialized, skipping
========================================================================
Worker process is ready to serve import requests
Launched and connected shader compiler UnityShaderCompiler.exe after 0.05 seconds
Refreshing native plugins compatible for Editor in 0.25 ms, found 0 plugins.
Preloading 0 native plugins for Editor in 0.00 ms.
Unloading 1116 Unused Serialized files (Serialized files now loaded: 0)
System memory in use before: 57.2 MB.
System memory in use after: 57.2 MB.

Unloading 10 unused Assets to reduce memory usage. Loaded Objects now: 1558.
Total: 1.452200 ms (FindLiveObjects: 0.132300 ms CreateObjectMapping: 0.029400 ms MarkObjects: 1.232000 ms  DeleteObjects: 0.057600 ms)

========================================================================
Received Import Request.
  path: Assets/RPG Monster Duo PBR Polyart/Prefabs/TurtleShell.prefab
  artifactKey: Guid(3aec22b5d3f3c2947bb81040b56e5f96) Importer(815301076,1909f56bfc062723c751e8b465ee728b)
Start importing Assets/RPG Monster Duo PBR Polyart/Prefabs/TurtleShell.prefab using Guid(3aec22b5d3f3c2947bb81040b56e5f96) Importer(815301076,1909f56bfc062723c751e8b465ee728b)  -> (artifact id: 'e3cce902522c33804add413fe7292252') in 0.112245 seconds
  Import took 0.114664 seconds .

========================================================================
Received Import Request.
  Time since last request: 0.000217 seconds.
  path: Assets/RPG Monster Duo PBR Polyart/Textures/PBRTurtleShellAO.png
  artifactKey: Guid(a469451b6efe62649a2ad1eaf645e7a3) Importer(815301076,1909f56bfc062723c751e8b465ee728b)
Start importing Assets/RPG Monster Duo PBR Polyart/Textures/PBRTurtleShellAO.png using Guid(a469451b6efe62649a2ad1eaf645e7a3) Importer(815301076,1909f56bfc062723c751e8b465ee728b)  -> (artifact id: '9ce30d7e2406a7b1b0208cd4023fa555') in 0.049882 seconds
  Import took 0.051664 seconds .

========================================================================
Received Import Request.
  Time since last request: 0.000210 seconds.
  path: Assets/RPG Monster Duo PBR Polyart/Textures/PolyartDefaultTex.png
  artifactKey: Guid(19bb4fe4d3f7dc640907e64ce8d1865c) Importer(815301076,1909f56bfc062723c751e8b465ee728b)
Start importing Assets/RPG Monster Duo PBR Polyart/Textures/PolyartDefaultTex.png using Guid(19bb4fe4d3f7dc640907e64ce8d1865c) Importer(815301076,1909f56bfc062723c751e8b465ee728b)  -> (artifact id: '42a65a8c54078eb47a1ec9a2644c2bf6') in 0.013970 seconds
  Import took 0.016036 seconds .

========================================================================
Received Import Request.
  Time since last request: 0.000287 seconds.
  path: Assets/RPG Monster Duo PBR Polyart/Textures/PBRSlimeAO.png
  artifactKey: Guid(ea614ba314598d14ebe9e9cdff6a47cd) Importer(815301076,1909f56bfc062723c751e8b465ee728b)
Start importing Assets/RPG Monster Duo PBR Polyart/Textures/PBRSlimeAO.png using Guid(ea614ba314598d14ebe9e9cdff6a47cd) Importer(815301076,1909f56bfc062723c751e8b465ee728b)  -> (artifact id: '85766ca919cf481eee92807b401e851b') in 0.013896 seconds
  Import took 0.015897 seconds .

========================================================================
Received Import Request.
  Time since last request: 0.000204 seconds.
  path: Assets/RPG Monster Duo PBR Polyart/Prefabs/TurtleShellPBR.prefab
  artifactKey: Guid(38efdaadbfe1d624bbee439cb02e7661) Importer(815301076,1909f56bfc062723c751e8b465ee728b)
Start importing Assets/RPG Monster Duo PBR Polyart/Prefabs/TurtleShellPBR.prefab using Guid(38efdaadbfe1d624bbee439cb02e7661) Importer(815301076,1909f56bfc062723c751e8b465ee728b)  -> (artifact id: '6866d9ab544ae0a50708f9c855f1f501') in 0.257892 seconds
  Import took 0.260178 seconds .

========================================================================
Received Import Request.
  Time since last request: 0.000230 seconds.
  path: Assets/RPG Monster Duo PBR Polyart/Meshes/TurtleShellMeshPBR.fbx
  artifactKey: Guid(0d3c605385d6d9547a1e3f24e8248962) Importer(815301076,1909f56bfc062723c751e8b465ee728b)
Start importing Assets/RPG Monster Duo PBR Polyart/Meshes/TurtleShellMeshPBR.fbx using Guid(0d3c605385d6d9547a1e3f24e8248962) Importer(815301076,1909f56bfc062723c751e8b465ee728b)  -> (artifact id: 'ca8aa02d1b1c6a36ba08fbf8ad1fa8f3') in 0.074065 seconds
  Import took 0.076023 seconds .

========================================================================
Received Import Request.
  Time since last request: 0.000203 seconds.
  path: Assets/RPG Monster Duo PBR Polyart/Meshes/StageMesh.fbx
  artifactKey: Guid(550cdd9b4c76ad645b99cd9eea1bb745) Importer(815301076,1909f56bfc062723c751e8b465ee728b)
Start importing Assets/RPG Monster Duo PBR Polyart/Meshes/StageMesh.fbx using Guid(550cdd9b4c76ad645b99cd9eea1bb745) Importer(815301076,1909f56bfc062723c751e8b465ee728b)  -> (artifact id: '2db71d576010539df220ed0290b67630') in 0.019713 seconds
  Import took 0.021522 seconds .

========================================================================
Received Import Request.
  Time since last request: 0.000196 seconds.
  path: Assets/RPG Monster Duo PBR Polyart/Textures/PBRTurtleShellNormal.png
  artifactKey: Guid(86f7e285a9594474785378ee66ed8b93) Importer(815301076,1909f56bfc062723c751e8b465ee728b)
Start importing Assets/RPG Monster Duo PBR Polyart/Textures/PBRTurtleShellNormal.png using Guid(86f7e285a9594474785378ee66ed8b93) Importer(815301076,1909f56bfc062723c751e8b465ee728b)  -> (artifact id: 'e243be2b923fc349124d017f21b34b92') in 0.015778 seconds
  Import took 0.017320 seconds .

========================================================================
Received Import Request.
  Time since last request: 0.000213 seconds.
  path: Assets/RPG Monster Duo PBR Polyart/Prefabs/SlimePBR.prefab
  artifactKey: Guid(55776efecb0cd134ea5f418c2f97a705) Importer(815301076,1909f56bfc062723c751e8b465ee728b)
Start importing Assets/RPG Monster Duo PBR Polyart/Prefabs/SlimePBR.prefab using Guid(55776efecb0cd134ea5f418c2f97a705) Importer(815301076,1909f56bfc062723c751e8b465ee728b)  -> (artifact id: '0c364b13a45dcf95743bba3f7d003a2c') in 0.026804 seconds
  Import took 0.029283 seconds .

========================================================================
Received Import Request.
  Time since last request: 0.000207 seconds.
  path: Assets/RPG Monster Duo PBR Polyart/Textures/PBRTurtleShellMetalicSmoothness.png
  artifactKey: Guid(7976e834fdd8a3a43843322f15ca5ffe) Importer(815301076,1909f56bfc062723c751e8b465ee728b)
Start importing Assets/RPG Monster Duo PBR Polyart/Textures/PBRTurtleShellMetalicSmoothness.png using Guid(7976e834fdd8a3a43843322f15ca5ffe) Importer(815301076,1909f56bfc062723c751e8b465ee728b)  -> (artifact id: 'a283bd024eabafa1a69dcda540c5713c') in 0.017240 seconds
  Import took 0.018940 seconds .

========================================================================
Received Import Request.
  Time since last request: 0.000210 seconds.
  path: Assets/RPG Monster Duo PBR Polyart/Textures/PBRSlimeNormal.png
  artifactKey: Guid(18abd5f4e9c11924a95611d5a0813704) Importer(815301076,1909f56bfc062723c751e8b465ee728b)
Start importing Assets/RPG Monster Duo PBR Polyart/Textures/PBRSlimeNormal.png using Guid(18abd5f4e9c11924a95611d5a0813704) Importer(815301076,1909f56bfc062723c751e8b465ee728b)  -> (artifact id: '1c7468cad0b010f680fb5dd30168cb78') in 0.024537 seconds
  Import took 0.026326 seconds .

========================================================================
Received Import Request.
  Time since last request: 0.000208 seconds.
  path: Assets/RPG Monster Duo PBR Polyart/Textures/PBRTurtleShellAlbedo.png
  artifactKey: Guid(8d1af929e130869459814fc6a74e0a3b) Importer(815301076,1909f56bfc062723c751e8b465ee728b)
Start importing Assets/RPG Monster Duo PBR Polyart/Textures/PBRTurtleShellAlbedo.png using Guid(8d1af929e130869459814fc6a74e0a3b) Importer(815301076,1909f56bfc062723c751e8b465ee728b)  -> (artifact id: '3305ff36be7502545ffd5b51e32a2172') in 0.025334 seconds
  Import took 0.027153 seconds .

========================================================================
Received Import Request.
  Time since last request: 0.000191 seconds.
  path: Assets/RPG Monster Duo PBR Polyart/Meshes/SlimeMesh.fbx
  artifactKey: Guid(1f499d0eded7a4245b0c36149a43da4f) Importer(815301076,1909f56bfc062723c751e8b465ee728b)
Start importing Assets/RPG Monster Duo PBR Polyart/Meshes/SlimeMesh.fbx using Guid(1f499d0eded7a4245b0c36149a43da4f) Importer(815301076,1909f56bfc062723c751e8b465ee728b)  -> (artifact id: 'aba6f2266bce0471dd25b5b92e6dce4a') in 0.057321 seconds
  Import took 0.059224 seconds .

========================================================================
Received Import Request.
  Time since last request: 0.000241 seconds.
  path: Assets/RPG Monster Duo PBR Polyart/Meshes/SlimeMeshPBR.fbx
  artifactKey: Guid(032e9c3d6b8f7bd4281b52741574f3af) Importer(815301076,1909f56bfc062723c751e8b465ee728b)
Start importing Assets/RPG Monster Duo PBR Polyart/Meshes/SlimeMeshPBR.fbx using Guid(032e9c3d6b8f7bd4281b52741574f3af) Importer(815301076,1909f56bfc062723c751e8b465ee728b)  -> (artifact id: '7f2955a3fccce89ba54d46674ccc0aba') in 0.051277 seconds
  Import took 0.053125 seconds .

========================================================================
Received Import Request.
  Time since last request: 0.000200 seconds.
  path: Assets/RPG Monster Duo PBR Polyart/Meshes/TurtleShellMesh.fbx
  artifactKey: Guid(56dd4edec19a3b04195448769c085dfc) Importer(815301076,1909f56bfc062723c751e8b465ee728b)
Start importing Assets/RPG Monster Duo PBR Polyart/Meshes/TurtleShellMesh.fbx using Guid(56dd4edec19a3b04195448769c085dfc) Importer(815301076,1909f56bfc062723c751e8b465ee728b)  -> (artifact id: '80509967b91a8fc54a0de5c6ee7c4892') in 0.039519 seconds
  Import took 0.041208 seconds .

========================================================================
Received Import Request.
  Time since last request: 0.000193 seconds.
  path: Assets/RPG Monster Duo PBR Polyart/Textures/PBRSlimeMetallicSmoothness.png
  artifactKey: Guid(55ceae9efe5bd70448ee58c1d30bb773) Importer(815301076,1909f56bfc062723c751e8b465ee728b)
Start importing Assets/RPG Monster Duo PBR Polyart/Textures/PBRSlimeMetallicSmoothness.png using Guid(55ceae9efe5bd70448ee58c1d30bb773) Importer(815301076,1909f56bfc062723c751e8b465ee728b)  -> (artifact id: 'a2fc6feee59b268e38c2a97997a89844') in 0.014838 seconds
  Import took 0.016661 seconds .

========================================================================
Received Import Request.
  Time since last request: 0.000212 seconds.
  path: Assets/RPG Monster Duo PBR Polyart/Textures/PBRSlimeAlbedo.png
  artifactKey: Guid(0f625c9ed25ed7c479d59c9a7e72177b) Importer(815301076,1909f56bfc062723c751e8b465ee728b)
Start importing Assets/RPG Monster Duo PBR Polyart/Textures/PBRSlimeAlbedo.png using Guid(0f625c9ed25ed7c479d59c9a7e72177b) Importer(815301076,1909f56bfc062723c751e8b465ee728b)  -> (artifact id: '7bfec03f75ad9127e66bbfeb10b6ee7d') in 0.013293 seconds
  Import took 0.014938 seconds .

========================================================================
Received Import Request.
  Time since last request: 0.000272 seconds.
  path: Assets/RPG Monster Duo PBR Polyart/Prefabs/Slime.prefab
  artifactKey: Guid(a817c29ea6847604bb2c6c51d9a74bf1) Importer(815301076,1909f56bfc062723c751e8b465ee728b)
Start importing Assets/RPG Monster Duo PBR Polyart/Prefabs/Slime.prefab using Guid(a817c29ea6847604bb2c6c51d9a74bf1) Importer(815301076,1909f56bfc062723c751e8b465ee728b)  -> (artifact id: '0c1fa76c81b9edeaf8459f200dc5a067') in 0.024822 seconds
  Import took 0.026920 seconds .

AssetImportWorkerClient::OnTransportError - code=2 error=End of file
