Using pre-set license
Built from '2020.3/staging' branch; Version is '2020.3.0f1 (c7b5465681fb) revision 13088070'; Using compiler version '192528614'; Build Type 'Release'
OS: 'Windows 10 Education; OS build 18363.1500; Version 1909; 64bit' Language: 'ko' Physical Memory: 8109 MB
BatchMode: 1, IsHumanControllingUs: 0, StartBugReporterOnCrash: 0, Is64bit: 1, IsPro: 0

 COMMAND LINE ARGUMENTS:
C:\Program Files\Unity\Hub\Editor\2020.3.0f1\Editor\Unity.exe
-adb2
-batchMode
-noUpm
-name
AssetImportWorker0
-projectPath
D:/게임엔진1/GameEngine_wizard6/Wizard6
-logFile
Logs/AssetImportWorker0.log
-srvPort
54047
Successfully changed project path to: D:/게임엔진1/GameEngine_wizard6/Wizard6
D:/게임엔진1/GameEngine_wizard6/Wizard6
Using Asset Import Pipeline V2.
Refreshing native plugins compatible for Editor in 401.72 ms, found 0 plugins.
Preloading 0 native plugins for Editor in 0.00 ms.
Initialize engine version: 2020.3.0f1 (c7b5465681fb)
[Subsystems] Discovering subsystems at path C:/Program Files/Unity/Hub/Editor/2020.3.0f1/Editor/Data/Resources/UnitySubsystems
[Subsystems] Discovering subsystems at path D:/게임엔진1/GameEngine_wizard6/Wizard6/Assets
GfxDevice: creating device client; threaded=0
Direct3D:
    Version:  Direct3D 11.0 [level 11.1]
    Renderer: NVIDIA GeForce GTX 1050 (ID=0x1c8d)
    Vendor:   
    VRAM:     4021 MB
    Driver:   27.21.14.6172
Initialize mono
Mono path[0] = 'C:/Program Files/Unity/Hub/Editor/2020.3.0f1/Editor/Data/Managed'
Mono path[1] = 'C:/Program Files/Unity/Hub/Editor/2020.3.0f1/Editor/Data/MonoBleedingEdge/lib/mono/unityjit'
Mono config path = 'C:/Program Files/Unity/Hub/Editor/2020.3.0f1/Editor/Data/MonoBleedingEdge/etc'
Using monoOptions --debugger-agent=transport=dt_socket,embedding=1,server=y,suspend=n,address=127.0.0.1:56088
Begin MonoManager ReloadAssembly
Registering precompiled unity dll's ...
Register platform support module: C:/Program Files/Unity/Hub/Editor/2020.3.0f1/Editor/Data/PlaybackEngines/WindowsStandaloneSupport/UnityEditor.WindowsStandalone.Extensions.dll
Registered in 0.005784 seconds.
Native extension for WindowsStandalone target not found
Refreshing native plugins compatible for Editor in 112.71 ms, found 0 plugins.
Preloading 0 native plugins for Editor in 0.00 ms.
Invoked RoslynAnalysisRunner static constructor.
RoslynAnalysisRunner will not be running.
RoslynAnalysisRunner has terminated.
Mono: successfully reloaded assembly
- Completed reload, in  6.012 seconds
Platform modules already initialized, skipping
Registering precompiled user dll's ...
Registered in 0.060799 seconds.
Begin MonoManager ReloadAssembly
Native extension for WindowsStandalone target not found
Refreshing native plugins compatible for Editor in 0.57 ms, found 0 plugins.
Preloading 0 native plugins for Editor in 0.00 ms.
Invoked RoslynAnalysisRunner static constructor.
RoslynAnalysisRunner will not be running.
RoslynAnalysisRunner has terminated.
Mono: successfully reloaded assembly
- Completed reload, in  3.602 seconds
Platform modules already initialized, skipping
========================================================================
Worker process is ready to serve import requests
Launched and connected shader compiler UnityShaderCompiler.exe after 0.41 seconds
Refreshing native plugins compatible for Editor in 0.56 ms, found 0 plugins.
Preloading 0 native plugins for Editor in 0.00 ms.
Unloading 1417 Unused Serialized files (Serialized files now loaded: 0)
System memory in use before: 66.2 MB.
System memory in use after: 66.3 MB.

Unloading 33 unused Assets to reduce memory usage. Loaded Objects now: 1849.
Total: 19.046200 ms (FindLiveObjects: 0.401800 ms CreateObjectMapping: 0.186800 ms MarkObjects: 18.349200 ms  DeleteObjects: 0.105500 ms)

========================================================================
Received Import Request.
  path: Assets/BrokenVector/UltimateDungeonPack/Materials/Metal_Rusty.mat
  artifactKey: Guid(57c5c45402f367749a31d5f99048f829) Importer(815301076,1909f56bfc062723c751e8b465ee728b)
Start importing Assets/BrokenVector/UltimateDungeonPack/Materials/Metal_Rusty.mat using Guid(57c5c45402f367749a31d5f99048f829) Importer(815301076,1909f56bfc062723c751e8b465ee728b)  -> (artifact id: '07ac7f266e3d2486b7b98a9d56d4cf4d') in 0.904437 seconds
  Import took 0.984513 seconds .

========================================================================
Received Import Request.
  Time since last request: 0.001062 seconds.
  path: Assets/BrokenVector/UltimateDungeonPack
  artifactKey: Guid(fe75cbfbde034104291466020cdefc8f) Importer(815301076,1909f56bfc062723c751e8b465ee728b)
Start importing Assets/BrokenVector/UltimateDungeonPack using Guid(fe75cbfbde034104291466020cdefc8f) Importer(815301076,1909f56bfc062723c751e8b465ee728b)  -> (artifact id: 'c4792f7d8531eeb32f903ce921f3d816') in 0.096595 seconds
  Import took 0.102243 seconds .

========================================================================
Received Import Request.
  Time since last request: 0.000428 seconds.
  path: Assets/BrokenVector/UltimateDungeonPack/Models/Lights/Chandelier_Triple.fbx
  artifactKey: Guid(9113a0b797edd634c876e92de58f44a0) Importer(815301076,1909f56bfc062723c751e8b465ee728b)
Start importing Assets/BrokenVector/UltimateDungeonPack/Models/Lights/Chandelier_Triple.fbx using Guid(9113a0b797edd634c876e92de58f44a0) Importer(815301076,1909f56bfc062723c751e8b465ee728b)  -> (artifact id: '1c20a05a930246ff6d0371c80b978478') in 1.399661 seconds
  Import took 1.415510 seconds .

========================================================================
Received Import Request.
  Time since last request: 0.000272 seconds.
  path: Assets/BrokenVector/UltimateDungeonPack/Materials/Wall_Muddy.mat
  artifactKey: Guid(5b5864ee942879c4298b45498959048c) Importer(815301076,1909f56bfc062723c751e8b465ee728b)
Start importing Assets/BrokenVector/UltimateDungeonPack/Materials/Wall_Muddy.mat using Guid(5b5864ee942879c4298b45498959048c) Importer(815301076,1909f56bfc062723c751e8b465ee728b)  -> (artifact id: '161835539b79b0b6180b520f9b9f97ef') in 0.145217 seconds
  Import took 0.165481 seconds .

========================================================================
Received Import Request.
  Time since last request: 0.000389 seconds.
  path: Assets/BrokenVector/UltimateDungeonPack/Materials/Metal_Polished.mat
  artifactKey: Guid(53ce828af18d0eb46b8e8ede9ab92220) Importer(815301076,1909f56bfc062723c751e8b465ee728b)
Start importing Assets/BrokenVector/UltimateDungeonPack/Materials/Metal_Polished.mat using Guid(53ce828af18d0eb46b8e8ede9ab92220) Importer(815301076,1909f56bfc062723c751e8b465ee728b)  -> (artifact id: '5ea3974d248cacd9bd68484622d3c530') in 0.118160 seconds
  Import took 0.151696 seconds .

========================================================================
Received Import Request.
  Time since last request: 0.696680 seconds.
  path: Assets/Models
  artifactKey: Guid(2efef862313674e4f9f65eeb01d5d412) Importer(815301076,1909f56bfc062723c751e8b465ee728b)
Start importing Assets/Models using Guid(2efef862313674e4f9f65eeb01d5d412) Importer(815301076,1909f56bfc062723c751e8b465ee728b)  -> (artifact id: 'f2002c1cb1c6ff93951ac892bae86579') in 0.050252 seconds
  Import took 0.118929 seconds .

========================================================================
Received Import Request.
  Time since last request: 7.796396 seconds.
  path: Assets/Models/lowPoly_arms_Basic.fbx
  artifactKey: Guid(84d81e5e4539b2c47ad5cd695d112bba) Importer(815301076,1909f56bfc062723c751e8b465ee728b)
Start importing Assets/Models/lowPoly_arms_Basic.fbx using Guid(84d81e5e4539b2c47ad5cd695d112bba) Importer(815301076,1909f56bfc062723c751e8b465ee728b)  -> (artifact id: '9e83a970005652a79f2374381f65cbec') in 0.183089 seconds
  Import took 0.196840 seconds .

========================================================================
Received Prepare
Registering precompiled user dll's ...
Registered in 0.009388 seconds.
Begin MonoManager ReloadAssembly
Native extension for WindowsStandalone target not found
Refreshing native plugins compatible for Editor in 6.25 ms, found 0 plugins.
Preloading 0 native plugins for Editor in 0.00 ms.
Invoked RoslynAnalysisRunner static constructor.
RoslynAnalysisRunner will not be running.
RoslynAnalysisRunner has terminated.
Mono: successfully reloaded assembly
- Completed reload, in  3.320 seconds
Platform modules already initialized, skipping
Refreshing native plugins compatible for Editor in 0.52 ms, found 0 plugins.
Preloading 0 native plugins for Editor in 0.00 ms.
Unloading 1411 Unused Serialized files (Serialized files now loaded: 0)
System memory in use before: 69.6 MB.
System memory in use after: 69.7 MB.

Unloading 24 unused Assets to reduce memory usage. Loaded Objects now: 1895.
Total: 5.523200 ms (FindLiveObjects: 2.225200 ms CreateObjectMapping: 0.180700 ms MarkObjects: 3.087000 ms  DeleteObjects: 0.027400 ms)

========================================================================
Received Prepare
Registering precompiled user dll's ...
Registered in 0.002030 seconds.
Begin MonoManager ReloadAssembly
Native extension for WindowsStandalone target not found
Refreshing native plugins compatible for Editor in 0.73 ms, found 0 plugins.
Preloading 0 native plugins for Editor in 0.00 ms.
Invoked RoslynAnalysisRunner static constructor.
RoslynAnalysisRunner will not be running.
RoslynAnalysisRunner has terminated.
Mono: successfully reloaded assembly
- Completed reload, in  2.405 seconds
Platform modules already initialized, skipping
Refreshing native plugins compatible for Editor in 1.48 ms, found 0 plugins.
Preloading 0 native plugins for Editor in 0.00 ms.
Unloading 1411 Unused Serialized files (Serialized files now loaded: 0)
System memory in use before: 69.6 MB.
System memory in use after: 69.8 MB.

Unloading 24 unused Assets to reduce memory usage. Loaded Objects now: 1898.
Total: 8.032600 ms (FindLiveObjects: 0.319100 ms CreateObjectMapping: 0.213800 ms MarkObjects: 7.237700 ms  DeleteObjects: 0.257100 ms)

========================================================================
Received Import Request.
  Time since last request: 1532.797978 seconds.
  path: Assets/Models/lowPoly_arms_Basic.fbx
  artifactKey: Guid(84d81e5e4539b2c47ad5cd695d112bba) Importer(815301076,1909f56bfc062723c751e8b465ee728b)
Start importing Assets/Models/lowPoly_arms_Basic.fbx using Guid(84d81e5e4539b2c47ad5cd695d112bba) Importer(815301076,1909f56bfc062723c751e8b465ee728b)  -> (artifact id: '66517f7fad8bf2e3cb945821514cf5a1') in 0.495152 seconds
  Import took 0.578680 seconds .

========================================================================
Received Import Request.
  Time since last request: 118.078136 seconds.
  path: Assets/Animation
  artifactKey: Guid(ed19ea996a56c2c4182943b948b47a65) Importer(815301076,1909f56bfc062723c751e8b465ee728b)
Start importing Assets/Animation using Guid(ed19ea996a56c2c4182943b948b47a65) Importer(815301076,1909f56bfc062723c751e8b465ee728b)  -> (artifact id: 'e2f644c7fbee30479b55c28592a69843') in 0.014210 seconds
  Import took 0.039306 seconds .

========================================================================
Received Import Request.
  Time since last request: 4.187240 seconds.
  path: Assets/Animation/Hand
  artifactKey: Guid(eb3e3f7705f1a794780f60904a8cb953) Importer(815301076,1909f56bfc062723c751e8b465ee728b)
Start importing Assets/Animation/Hand using Guid(eb3e3f7705f1a794780f60904a8cb953) Importer(815301076,1909f56bfc062723c751e8b465ee728b)  -> (artifact id: 'b6dabd29f12d28f85b309fc5be7b987a') in 0.014257 seconds
  Import took 0.038262 seconds .

========================================================================
Received Import Request.
  Time since last request: 23.033011 seconds.
  path: Assets/Animation/Hand/New Animator Controller.controller
  artifactKey: Guid(81849cd82713ec945972899326f1cc02) Importer(815301076,1909f56bfc062723c751e8b465ee728b)
Start importing Assets/Animation/Hand/New Animator Controller.controller using Guid(81849cd82713ec945972899326f1cc02) Importer(815301076,1909f56bfc062723c751e8b465ee728b)  -> (artifact id: '3af79c0ba47bb9ecb33c55ee33c472a1') in 0.184489 seconds
  Import took 0.372253 seconds .

========================================================================
Received Import Request.
  Time since last request: 5.144642 seconds.
  path: Assets/Animation/Hand/Hand Animator Controller.controller
  artifactKey: Guid(81849cd82713ec945972899326f1cc02) Importer(815301076,1909f56bfc062723c751e8b465ee728b)
Start importing Assets/Animation/Hand/Hand Animator Controller.controller using Guid(81849cd82713ec945972899326f1cc02) Importer(815301076,1909f56bfc062723c751e8b465ee728b)  -> (artifact id: '30852dacb6bd008641e3f2ab4db595f2') in 0.048009 seconds
  Import took 0.074850 seconds .

========================================================================
Received Import Request.
  Time since last request: 623.215357 seconds.
  path: Assets/Scripts/Had.cs
  artifactKey: Guid(5f66b4286269c4b45b4bfcc7aaef1c08) Importer(815301076,1909f56bfc062723c751e8b465ee728b)
Start importing Assets/Scripts/Had.cs using Guid(5f66b4286269c4b45b4bfcc7aaef1c08) Importer(815301076,1909f56bfc062723c751e8b465ee728b)  -> (artifact id: '5245c77a1933726216639231e99e00da') in 0.103773 seconds
  Import took 0.162543 seconds .

========================================================================
Received Import Request.
  Time since last request: 3.297000 seconds.
  path: Assets/Scripts/Hand.cs
  artifactKey: Guid(5f66b4286269c4b45b4bfcc7aaef1c08) Importer(815301076,1909f56bfc062723c751e8b465ee728b)
Start importing Assets/Scripts/Hand.cs using Guid(5f66b4286269c4b45b4bfcc7aaef1c08) Importer(815301076,1909f56bfc062723c751e8b465ee728b)  -> (artifact id: '6112b1f25f00940f307ca9ae77e678d8') in 0.096169 seconds
  Import took 0.232790 seconds .

========================================================================
Received Prepare
Registering precompiled user dll's ...
Registered in 0.002211 seconds.
Begin MonoManager ReloadAssembly
Native extension for WindowsStandalone target not found
Refreshing native plugins compatible for Editor in 8.40 ms, found 0 plugins.
Preloading 0 native plugins for Editor in 0.00 ms.
Invoked RoslynAnalysisRunner static constructor.
RoslynAnalysisRunner will not be running.
RoslynAnalysisRunner has terminated.
Mono: successfully reloaded assembly
- Completed reload, in  1.959 seconds
Platform modules already initialized, skipping
Refreshing native plugins compatible for Editor in 1.09 ms, found 0 plugins.
Preloading 0 native plugins for Editor in 0.00 ms.
Unloading 1412 Unused Serialized files (Serialized files now loaded: 0)
System memory in use before: 69.7 MB.
System memory in use after: 69.8 MB.

Unloading 24 unused Assets to reduce memory usage. Loaded Objects now: 1903.
Total: 4.934600 ms (FindLiveObjects: 0.210100 ms CreateObjectMapping: 0.063500 ms MarkObjects: 4.630200 ms  DeleteObjects: 0.028600 ms)

========================================================================
Received Import Request.
  Time since last request: 263.498157 seconds.
  path: Assets/Scripts/Hand.cs
  artifactKey: Guid(5f66b4286269c4b45b4bfcc7aaef1c08) Importer(815301076,1909f56bfc062723c751e8b465ee728b)
Start importing Assets/Scripts/Hand.cs using Guid(5f66b4286269c4b45b4bfcc7aaef1c08) Importer(815301076,1909f56bfc062723c751e8b465ee728b)  -> (artifact id: '4ad75c8f164a3c62890e176b360f915e') in 0.051859 seconds
  Import took 0.168140 seconds .

========================================================================
Received Prepare
Registering precompiled user dll's ...
Registered in 0.003876 seconds.
Begin MonoManager ReloadAssembly
Native extension for WindowsStandalone target not found
Refreshing native plugins compatible for Editor in 0.54 ms, found 0 plugins.
Preloading 0 native plugins for Editor in 0.00 ms.
Invoked RoslynAnalysisRunner static constructor.
RoslynAnalysisRunner will not be running.
RoslynAnalysisRunner has terminated.
Mono: successfully reloaded assembly
- Completed reload, in  1.452 seconds
Platform modules already initialized, skipping
Refreshing native plugins compatible for Editor in 0.48 ms, found 0 plugins.
Preloading 0 native plugins for Editor in 0.00 ms.
Unloading 1412 Unused Serialized files (Serialized files now loaded: 0)
System memory in use before: 69.7 MB.
System memory in use after: 69.8 MB.

Unloading 24 unused Assets to reduce memory usage. Loaded Objects now: 1906.
Total: 2.839000 ms (FindLiveObjects: 0.624900 ms CreateObjectMapping: 0.060400 ms MarkObjects: 2.072200 ms  DeleteObjects: 0.075900 ms)

========================================================================
Received Prepare
Registering precompiled user dll's ...
Registered in 0.002171 seconds.
Begin MonoManager ReloadAssembly
Native extension for WindowsStandalone target not found
Refreshing native plugins compatible for Editor in 0.46 ms, found 0 plugins.
Preloading 0 native plugins for Editor in 0.00 ms.
Invoked RoslynAnalysisRunner static constructor.
RoslynAnalysisRunner will not be running.
RoslynAnalysisRunner has terminated.
Mono: successfully reloaded assembly
- Completed reload, in  1.100 seconds
Platform modules already initialized, skipping
Refreshing native plugins compatible for Editor in 0.48 ms, found 0 plugins.
Preloading 0 native plugins for Editor in 0.00 ms.
Unloading 1412 Unused Serialized files (Serialized files now loaded: 0)
System memory in use before: 69.7 MB.
System memory in use after: 69.8 MB.

Unloading 24 unused Assets to reduce memory usage. Loaded Objects now: 1909.
Total: 2.100600 ms (FindLiveObjects: 0.178400 ms CreateObjectMapping: 0.050300 ms MarkObjects: 1.819300 ms  DeleteObjects: 0.050800 ms)

========================================================================
Received Prepare
Registering precompiled user dll's ...
Registered in 0.005667 seconds.
Begin MonoManager ReloadAssembly
Native extension for WindowsStandalone target not found
Refreshing native plugins compatible for Editor in 0.50 ms, found 0 plugins.
Preloading 0 native plugins for Editor in 0.00 ms.
Invoked RoslynAnalysisRunner static constructor.
RoslynAnalysisRunner will not be running.
RoslynAnalysisRunner has terminated.
Mono: successfully reloaded assembly
- Completed reload, in  1.185 seconds
Platform modules already initialized, skipping
Refreshing native plugins compatible for Editor in 0.65 ms, found 0 plugins.
Preloading 0 native plugins for Editor in 0.00 ms.
Unloading 1412 Unused Serialized files (Serialized files now loaded: 0)
System memory in use before: 69.7 MB.
System memory in use after: 69.8 MB.

Unloading 24 unused Assets to reduce memory usage. Loaded Objects now: 1912.
Total: 2.527400 ms (FindLiveObjects: 0.183000 ms CreateObjectMapping: 0.065700 ms MarkObjects: 2.166300 ms  DeleteObjects: 0.109700 ms)

AssetImportWorkerClient::OnTransportError - code=2 error=End of file
